[INFO][main.go:67]2020/09/07 10:15:19 [Shutdown Server...]
[INFO][main.go:75]2020/09/07 10:15:19 [Server exiting]
[INFO][main.go:67]2020/09/07 10:25:34 [Shutdown Server...]
[INFO][main.go:75]2020/09/07 10:25:34 [Server exiting]
[INFO][main.go:67]2020/09/07 10:37:16 [Shutdown Server...]
[INFO][main.go:75]2020/09/07 10:37:16 [Server exiting]
[INFO][main.go:59]2020/09/07 10:37:16 [Listen: %s
 http: Server closed]
[INFO][main.go:67]2020/09/07 10:38:28 [Shutdown Server...]
[INFO][main.go:75]2020/09/07 10:38:28 [Server exiting]
[INFO][main.go:67]2020/09/07 10:44:32 [Shutdown Server...]
[INFO][main.go:75]2020/09/07 10:44:32 [Server exiting]
[WARN][tag.go:213]2020/09/07 10:45:55 [request Content-Type isn't multipart/form-data]
[INFO][main.go:67]2020/09/07 10:49:36 [Shutdown Server...]
[INFO][main.go:75]2020/09/07 10:49:36 [Server exiting]
[INFO][main.go:67]2020/09/07 15:18:16 [Shutdown Server...]
[INFO][main.go:75]2020/09/07 15:18:16 [Server exiting]
[INFO][main.go:67]2020/09/07 16:36:42 [Shutdown Server...]
[INFO][main.go:75]2020/09/07 16:36:42 [Server exiting]
[INFO][main.go:67]2020/09/07 16:37:15 [Shutdown Server...]
[INFO][main.go:59]2020/09/07 16:37:15 [Listen: %s
 http: Server closed]
[INFO][main.go:75]2020/09/07 16:37:15 [Server exiting]
[INFO][main.go:67]2020/09/07 16:42:13 [Shutdown Server...]
[INFO][main.go:75]2020/09/07 16:42:13 [Server exiting]
[INFO][main.go:67]2020/09/07 16:42:54 [Shutdown Server...]
[INFO][main.go:75]2020/09/07 16:42:54 [Server exiting]
[INFO][main.go:67]2020/09/07 16:59:03 [Shutdown Server...]
[INFO][main.go:75]2020/09/07 16:59:03 [Server exiting]
[INFO][main.go:67]2020/09/07 17:11:21 [Shutdown Server...]
[INFO][main.go:75]2020/09/07 17:11:21 [Server exiting]
[INFO][main.go:59]2020/09/07 17:11:21 [Listen: %s
 http: Server closed]
[INFO][main.go:67]2020/09/07 17:13:15 [Shutdown Server...]
[INFO][main.go:75]2020/09/07 17:13:15 [Server exiting]
